Determining if the pthread_create exist failed with the following output:
Change Dir: /home/thongktdt/ros_ws/build/CMakeFiles/CMakeTmp

Run Build Command:"/usr/bin/make" "cmTC_c1566/fast"
/usr/bin/make -f CMakeFiles/cmTC_c1566.dir/build.make CMakeFiles/cmTC_c1566.dir/build
make[1]: Entering directory '/home/thongktdt/ros_ws/build/CMakeFiles/CMakeTmp'
Building C object CMakeFiles/cmTC_c1566.dir/CheckSymbolExists.c.o
/usr/bin/cc    -o CMakeFiles/cmTC_c1566.dir/CheckSymbolExists.c.o   -c /home/thongktdt/ros_ws/build/CMakeFiles/CMakeTmp/CheckSymbolExists.c
Linking C executable cmTC_c1566
/usr/bin/cmake -E cmake_link_script CMakeFiles/cmTC_c1566.dir/link.txt --verbose=1
/usr/bin/cc      -rdynamic CMakeFiles/cmTC_c1566.dir/CheckSymbolExists.c.o  -o cmTC_c1566 
CMakeFiles/cmTC_c1566.dir/CheckSymbolExists.c.o: In function `main':
CheckSymbolExists.c:(.text+0x1b): undefined reference to `pthread_create'
collect2: error: ld returned 1 exit status
CMakeFiles/cmTC_c1566.dir/build.make:97: recipe for target 'cmTC_c1566' failed
make[1]: *** [cmTC_c1566] Error 1
make[1]: Leaving directory '/home/thongktdt/ros_ws/build/CMakeFiles/CMakeTmp'
Makefile:126: recipe for target 'cmTC_c1566/fast' failed
make: *** [cmTC_c1566/fast] Error 2

File /home/thongktdt/ros_ws/build/CMakeFiles/CMakeTmp/CheckSymbolExists.c:
/* */
#include <pthread.h>

int main(int argc, char** argv)
{
  (void)argv;
#ifndef pthread_create
  return ((int*)(&pthread_create))[argc];
#else
  (void)argc;
  return 0;
#endif
}

Determining if the function pthread_create exists in the pthreads failed with the following output:
Change Dir: /home/thongktdt/ros_ws/build/CMakeFiles/CMakeTmp

Run Build Command:"/usr/bin/make" "cmTC_0c4bf/fast"
/usr/bin/make -f CMakeFiles/cmTC_0c4bf.dir/build.make CMakeFiles/cmTC_0c4bf.dir/build
make[1]: Entering directory '/home/thongktdt/ros_ws/build/CMakeFiles/CMakeTmp'
Building C object CMakeFiles/cmTC_0c4bf.dir/CheckFunctionExists.c.o
/usr/bin/cc   -DCHECK_FUNCTION_EXISTS=pthread_create   -o CMakeFiles/cmTC_0c4bf.dir/CheckFunctionExists.c.o   -c /usr/share/cmake-3.10/Modules/CheckFunctionExists.c
Linking C executable cmTC_0c4bf
/usr/bin/cmake -E cmake_link_script CMakeFiles/cmTC_0c4bf.dir/link.txt --verbose=1
/usr/bin/cc  -DCHECK_FUNCTION_EXISTS=pthread_create    -rdynamic CMakeFiles/cmTC_0c4bf.dir/CheckFunctionExists.c.o  -o cmTC_0c4bf -lpthreads 
/usr/bin/ld: cannot find -lpthreads
collect2: error: ld returned 1 exit status
CMakeFiles/cmTC_0c4bf.dir/build.make:97: recipe for target 'cmTC_0c4bf' failed
make[1]: *** [cmTC_0c4bf] Error 1
make[1]: Leaving directory '/home/thongktdt/ros_ws/build/CMakeFiles/CMakeTmp'
Makefile:126: recipe for target 'cmTC_0c4bf/fast' failed
make: *** [cmTC_0c4bf/fast] Error 2


